# JRE version: Java(TM) SE Runtime Environment (17.0.12+8) (build 17.0.12+8-LTS-286)
# Java VM: Java HotSpot(TM) 64-Bit Server VM (17.0.12+8-LTS-286, mixed mode, sharing, tiered, compressed oops, compressed class ptrs, g1 gc, windows-amd64)
GC Precious Log:
 CPUs: 16 total, 16 available
 Memory: 16108M
 Large Page Support: Disabled
 NUMA Support: Disabled
 Compressed Oops: Enabled (Zero based)
 Heap Region Size: 2M
 Heap Min Capacity: 8M
 Heap Initial Capacity: 252M
 Heap Max Capacity: 4028M
 Pre-touch: Disabled
 Parallel Workers: 13
 Concurrent Workers: 3
 Concurrent Refinement Workers: 13
 Periodic GC: Disabled
Heap:
 garbage-first heap   total 49152K, used 19478K [0x0000000704400000, 0x0000000800000000)
  region size 2048K, 4 young (8192K), 2 survivors (4096K)
 Metaspace       used 35253K, committed 35712K, reserved 1114112K
  class space    used 4441K, committed 4672K, reserved 1048576K
GC Heap History (18 events):
Event: 1.057 GC heap before
{Heap before GC invocations=0 (full 0):
 garbage-first heap   total 258048K, used 20480K [0x0000000704400000, 0x0000000800000000)
  region size 2048K, 11 young (22528K), 0 survivors (0K)
 Metaspace       used 6088K, committed 6272K, reserved 1114112K
  class space    used 711K, committed 832K, reserved 1048576K
}
Event: 1.063 GC heap after
{Heap after GC invocations=1 (full 0):
 garbage-first heap   total 258048K, used 5196K [0x0000000704400000, 0x0000000800000000)
  region size 2048K, 2 young (4096K), 2 survivors (4096K)
 Metaspace       used 6088K, committed 6272K, reserved 1114112K
  class space    used 711K, committed 832K, reserved 1048576K
}
Event: 1.686 GC heap before
{Heap before GC invocations=1 (full 0):
 garbage-first heap   total 258048K, used 29772K [0x0000000704400000, 0x0000000800000000)
  region size 2048K, 15 young (30720K), 2 survivors (4096K)
 Metaspace       used 12165K, committed 12352K, reserved 1114112K
  class space    used 1589K, committed 1664K, reserved 1048576K
}
Event: 1.691 GC heap after
{Heap after GC invocations=2 (full 0):
 garbage-first heap   total 258048K, used 7388K [0x0000000704400000, 0x0000000800000000)
  region size 2048K, 2 young (4096K), 2 survivors (4096K)
 Metaspace       used 12165K, committed 12352K, reserved 1114112K
  class space    used 1589K, committed 1664K, reserved 1048576K
}
Event: 3.011 GC heap before
{Heap before GC invocations=2 (full 0):
 garbage-first heap   total 258048K, used 58588K [0x0000000704400000, 0x0000000800000000)
  region size 2048K, 28 young (57344K), 2 survivors (4096K)
 Metaspace       used 21262K, committed 21504K, reserved 1114112K
  class space    used 2689K, committed 2816K, reserved 1048576K
}
Event: 3.018 GC heap after
{Heap after GC invocations=3 (full 0):
 garbage-first heap   total 258048K, used 10896K [0x0000000704400000, 0x0000000800000000)
  region size 2048K, 3 young (6144K), 3 survivors (6144K)
 Metaspace       used 21262K, committed 21504K, reserved 1114112K
  class space    used 2689K, committed 2816K, reserved 1048576K
}
Event: 3.879 GC heap before
{Heap before GC invocations=4 (full 0):
 garbage-first heap   total 49152K, used 33424K [0x0000000704400000, 0x0000000800000000)
  region size 2048K, 14 young (28672K), 3 survivors (6144K)
 Metaspace       used 25122K, committed 25472K, reserved 1114112K
  class space    used 3254K, committed 3392K, reserved 1048576K
}
Event: 3.887 GC heap after
{Heap after GC invocations=5 (full 0):
 garbage-first heap   total 49152K, used 13357K [0x0000000704400000, 0x0000000800000000)
  region size 2048K, 2 young (4096K), 2 survivors (4096K)
 Metaspace       used 25122K, committed 25472K, reserved 1114112K
  class space    used 3254K, committed 3392K, reserved 1048576K
}
Event: 3.960 GC heap before
{Heap before GC invocations=5 (full 0):
 garbage-first heap   total 49152K, used 15405K [0x0000000704400000, 0x0000000800000000)
  region size 2048K, 3 young (6144K), 2 survivors (4096K)
 Metaspace       used 25327K, committed 25664K, reserved 1114112K
  class space    used 3287K, committed 3456K, reserved 1048576K
}
Event: 3.966 GC heap after
{Heap after GC invocations=6 (full 0):
 garbage-first heap   total 49152K, used 13368K [0x0000000704400000, 0x0000000800000000)
  region size 2048K, 1 young (2048K), 1 survivors (2048K)
 Metaspace       used 25327K, committed 25664K, reserved 1114112K
  class space    used 3287K, committed 3456K, reserved 1048576K
}
Event: 4.727 GC heap before
{Heap before GC invocations=6 (full 0):
 garbage-first heap   total 49152K, used 29752K [0x0000000704400000, 0x0000000800000000)
  region size 2048K, 9 young (18432K), 1 survivors (2048K)
 Metaspace       used 29318K, committed 29760K, reserved 1114112K
  class space    used 3764K, committed 3968K, reserved 1048576K
}
Event: 4.730 GC heap after
{Heap after GC invocations=7 (full 0):
 garbage-first heap   total 49152K, used 14916K [0x0000000704400000, 0x0000000800000000)
  region size 2048K, 2 young (4096K), 2 survivors (4096K)
 Metaspace       used 29318K, committed 29760K, reserved 1114112K
  class space    used 3764K, committed 3968K, reserved 1048576K
}
Event: 5.531 GC heap before
{Heap before GC invocations=7 (full 0):
 garbage-first heap   total 49152K, used 31300K [0x0000000704400000, 0x0000000800000000)
  region size 2048K, 10 young (20480K), 2 survivors (4096K)
 Metaspace       used 33512K, committed 33984K, reserved 1114112K
  class space    used 4308K, committed 4544K, reserved 1048576K
}
Event: 5.535 GC heap after
{Heap after GC invocations=8 (full 0):
 garbage-first heap   total 49152K, used 16024K [0x0000000704400000, 0x0000000800000000)
  region size 2048K, 2 young (4096K), 2 survivors (4096K)
 Metaspace       used 33512K, committed 33984K, reserved 1114112K
  class space    used 4308K, committed 4544K, reserved 1048576K
}
Event: 5.903 GC heap before
{Heap before GC invocations=8 (full 0):
 garbage-first heap   total 49152K, used 30360K [0x0000000704400000, 0x0000000800000000)
  region size 2048K, 10 young (20480K), 2 survivors (4096K)
 Metaspace       used 34507K, committed 34944K, reserved 1114112K
  class space    used 4390K, committed 4608K, reserved 1048576K
}
Event: 5.907 GC heap after
{Heap after GC invocations=9 (full 0):
 garbage-first heap   total 49152K, used 16845K [0x0000000704400000, 0x0000000800000000)
  region size 2048K, 1 young (2048K), 1 survivors (2048K)
 Metaspace       used 34507K, committed 34944K, reserved 1114112K
  class space    used 4390K, committed 4608K, reserved 1048576K
}
Event: 6.181 GC heap before
{Heap before GC invocations=9 (full 0):
 garbage-first heap   total 49152K, used 33229K [0x0000000704400000, 0x0000000800000000)
  region size 2048K, 10 young (20480K), 1 survivors (2048K)
 Metaspace       used 34992K, committed 35392K, reserved 1114112K
  class space    used 4405K, committed 4608K, reserved 1048576K
}
Event: 6.184 GC heap after
{Heap after GC invocations=10 (full 0):
 garbage-first heap   total 49152K, used 17430K [0x0000000704400000, 0x0000000800000000)
  region size 2048K, 2 young (4096K), 2 survivors (4096K)
 Metaspace       used 34992K, committed 35392K, reserved 1114112K
  class space    used 4405K, committed 4608K, reserved 1048576K
}

