# JRE version: Java(TM) SE Runtime Environment (17.0.12+8) (build 17.0.12+8-LTS-286)
# Java VM: Java HotSpot(TM) 64-Bit Server VM (17.0.12+8-LTS-286, mixed mode, sharing, tiered, compressed oops, compressed class ptrs, g1 gc, windows-amd64)
GC Precious Log:
 CPUs: 16 total, 16 available
 Memory: 16108M
 Large Page Support: Disabled
 NUMA Support: Disabled
 Compressed Oops: Enabled (Zero based)
 Heap Region Size: 2M
 Heap Min Capacity: 8M
 Heap Initial Capacity: 252M
 Heap Max Capacity: 4028M
 Pre-touch: Disabled
 Parallel Workers: 13
 Concurrent Workers: 3
 Concurrent Refinement Workers: 13
 Periodic GC: Disabled
Heap:
 garbage-first heap   total 75776K, used 43137K [0x0000000704400000, 0x0000000800000000)
  region size 2048K, 15 young (30720K), 2 survivors (4096K)
 Metaspace       used 39586K, committed 40064K, reserved 1114112K
  class space    used 5003K, committed 5248K, reserved 1048576K
GC Heap History (20 events):
Event: 0.529 GC heap before
{Heap before GC invocations=0 (full 0):
 garbage-first heap   total 258048K, used 20480K [0x0000000704400000, 0x0000000800000000)
  region size 2048K, 11 young (22528K), 0 survivors (0K)
 Metaspace       used 6157K, committed 6400K, reserved 1114112K
  class space    used 720K, committed 832K, reserved 1048576K
}
Event: 0.532 GC heap after
{Heap after GC invocations=1 (full 0):
 garbage-first heap   total 258048K, used 5316K [0x0000000704400000, 0x0000000800000000)
  region size 2048K, 2 young (4096K), 2 survivors (4096K)
 Metaspace       used 6157K, committed 6400K, reserved 1114112K
  class space    used 720K, committed 832K, reserved 1048576K
}
Event: 0.894 GC heap before
{Heap before GC invocations=1 (full 0):
 garbage-first heap   total 258048K, used 31940K [0x0000000704400000, 0x0000000800000000)
  region size 2048K, 15 young (30720K), 2 survivors (4096K)
 Metaspace       used 12202K, committed 12416K, reserved 1114112K
  class space    used 1627K, committed 1728K, reserved 1048576K
}
Event: 0.897 GC heap after
{Heap after GC invocations=2 (full 0):
 garbage-first heap   total 258048K, used 7358K [0x0000000704400000, 0x0000000800000000)
  region size 2048K, 1 young (2048K), 1 survivors (2048K)
 Metaspace       used 12202K, committed 12416K, reserved 1114112K
  class space    used 1627K, committed 1728K, reserved 1048576K
}
Event: 1.677 GC heap before
{Heap before GC invocations=2 (full 0):
 garbage-first heap   total 258048K, used 58558K [0x0000000704400000, 0x0000000800000000)
  region size 2048K, 27 young (55296K), 1 survivors (2048K)
 Metaspace       used 21268K, committed 21504K, reserved 1114112K
  class space    used 2689K, committed 2816K, reserved 1048576K
}
Event: 1.689 GC heap after
{Heap after GC invocations=3 (full 0):
 garbage-first heap   total 258048K, used 11131K [0x0000000704400000, 0x0000000800000000)
  region size 2048K, 3 young (6144K), 3 survivors (6144K)
 Metaspace       used 21268K, committed 21504K, reserved 1114112K
  class space    used 2689K, committed 2816K, reserved 1048576K
}
Event: 2.227 GC heap before
{Heap before GC invocations=4 (full 0):
 garbage-first heap   total 49152K, used 33659K [0x0000000704400000, 0x0000000800000000)
  region size 2048K, 14 young (28672K), 3 survivors (6144K)
 Metaspace       used 25128K, committed 25472K, reserved 1114112K
  class space    used 3253K, committed 3392K, reserved 1048576K
}
Event: 2.232 GC heap after
{Heap after GC invocations=5 (full 0):
 garbage-first heap   total 49152K, used 13281K [0x0000000704400000, 0x0000000800000000)
  region size 2048K, 2 young (4096K), 2 survivors (4096K)
 Metaspace       used 25128K, committed 25472K, reserved 1114112K
  class space    used 3253K, committed 3392K, reserved 1048576K
}
Event: 2.278 GC heap before
{Heap before GC invocations=5 (full 0):
 garbage-first heap   total 49152K, used 15329K [0x0000000704400000, 0x0000000800000000)
  region size 2048K, 3 young (6144K), 2 survivors (4096K)
 Metaspace       used 25333K, committed 25664K, reserved 1114112K
  class space    used 3290K, committed 3456K, reserved 1048576K
}
Event: 2.282 GC heap after
{Heap after GC invocations=6 (full 0):
 garbage-first heap   total 49152K, used 13764K [0x0000000704400000, 0x0000000800000000)
  region size 2048K, 1 young (2048K), 1 survivors (2048K)
 Metaspace       used 25333K, committed 25664K, reserved 1114112K
  class space    used 3290K, committed 3456K, reserved 1048576K
}
Event: 2.818 GC heap before
{Heap before GC invocations=6 (full 0):
 garbage-first heap   total 49152K, used 30148K [0x0000000704400000, 0x0000000800000000)
  region size 2048K, 9 young (18432K), 1 survivors (2048K)
 Metaspace       used 29341K, committed 29760K, reserved 1114112K
  class space    used 3766K, committed 3968K, reserved 1048576K
}
Event: 2.827 GC heap after
{Heap after GC invocations=7 (full 0):
 garbage-first heap   total 49152K, used 15333K [0x0000000704400000, 0x0000000800000000)
  region size 2048K, 2 young (4096K), 2 survivors (4096K)
 Metaspace       used 29341K, committed 29760K, reserved 1114112K
  class space    used 3766K, committed 3968K, reserved 1048576K
}
Event: 3.381 GC heap before
{Heap before GC invocations=7 (full 0):
 garbage-first heap   total 49152K, used 31717K [0x0000000704400000, 0x0000000800000000)
  region size 2048K, 10 young (20480K), 2 survivors (4096K)
 Metaspace       used 33545K, committed 34048K, reserved 1114112K
  class space    used 4311K, committed 4544K, reserved 1048576K
}
Event: 3.382 GC heap after
{Heap after GC invocations=8 (full 0):
 garbage-first heap   total 49152K, used 16453K [0x0000000704400000, 0x0000000800000000)
  region size 2048K, 2 young (4096K), 2 survivors (4096K)
 Metaspace       used 33545K, committed 34048K, reserved 1114112K
  class space    used 4311K, committed 4544K, reserved 1048576K
}
Event: 3.596 GC heap before
{Heap before GC invocations=8 (full 0):
 garbage-first heap   total 49152K, used 32837K [0x0000000704400000, 0x0000000800000000)
  region size 2048K, 10 young (20480K), 2 survivors (4096K)
 Metaspace       used 34527K, committed 35008K, reserved 1114112K
  class space    used 4393K, committed 4608K, reserved 1048576K
}
Event: 3.599 GC heap after
{Heap after GC invocations=9 (full 0):
 garbage-first heap   total 49152K, used 17384K [0x0000000704400000, 0x0000000800000000)
  region size 2048K, 2 young (4096K), 2 survivors (4096K)
 Metaspace       used 34527K, committed 35008K, reserved 1114112K
  class space    used 4393K, committed 4608K, reserved 1048576K
}
Event: 3.731 GC heap before
{Heap before GC invocations=9 (full 0):
 garbage-first heap   total 49152K, used 33768K [0x0000000704400000, 0x0000000800000000)
  region size 2048K, 10 young (20480K), 2 survivors (4096K)
 Metaspace       used 34938K, committed 35392K, reserved 1114112K
  class space    used 4406K, committed 4608K, reserved 1048576K
}
Event: 3.733 GC heap after
{Heap after GC invocations=10 (full 0):
 garbage-first heap   total 153600K, used 17769K [0x0000000704400000, 0x0000000800000000)
  region size 2048K, 2 young (4096K), 2 survivors (4096K)
 Metaspace       used 34938K, committed 35392K, reserved 1114112K
  class space    used 4406K, committed 4608K, reserved 1048576K
}
Event: 3.932 GC heap before
{Heap before GC invocations=10 (full 0):
 garbage-first heap   total 153600K, used 25961K [0x0000000704400000, 0x0000000800000000)
  region size 2048K, 7 young (14336K), 2 survivors (4096K)
 Metaspace       used 35579K, committed 35968K, reserved 1114112K
  class space    used 4490K, committed 4672K, reserved 1048576K
}
Event: 3.934 GC heap after
{Heap after GC invocations=11 (full 0):
 garbage-first heap   total 153600K, used 18561K [0x0000000704400000, 0x0000000800000000)
  region size 2048K, 2 young (4096K), 2 survivors (4096K)
 Metaspace       used 35579K, committed 35968K, reserved 1114112K
  class space    used 4490K, committed 4672K, reserved 1048576K
}

